Plateau 24 40:
    0123456789012345678901234567890123456789MAP
000 ........................................MAP
001 ........................................MAP
002 ........................................MAP
003 ...OOO..................................MAP
004 ........................................MAP
005 ........................................MAP
006 ........................................MAP
007 ........................................MAP
008 ........................................MAP
009 ........................................MAP
010 ........................................MAP
011 ........................................MAP
012 ........................................MAP
013 ........................................MAP
014 ........................................MAP
015 ........................................MAP
016 ........................................MAP
017 ........................................MAP
018 ........................................MAP
019 ................................X.......MAP
020 ........................................MAP
021 ........................................MAP
022 ........................................MAP
023 ........................................MAP
Piece 4 6:TET_READ
....*.TET_READ
...***TET_READ
...***TET_READ
....*.TET_READ
16, 28
Plateau 24 40:
    0123456789012345678901234567890123456789MAP
000 ........................................MAP
001 ........................................MAP
002 ........................................MAP
003 ...OOOOOO...............................MAP
004 ........................................MAP
005 ........................................MAP
006 ........................................MAP
007 ........................................MAP
008 ........................................MAP
009 ........................................MAP
010 ........................................MAP
011 ........................................MAP
012 ........................................MAP
013 ........................................MAP
014 ........................................MAP
015 ........................................MAP
016 ................................X.......MAP
017 ...............................XXX......MAP
018 ...............................XXX......MAP
019 ................................X.......MAP
020 ........................................MAP
021 ........................................MAP
022 ........................................MAP
023 ........................................MAP
Piece 1 3:TET_READ
.**TET_READ
16, 30
Plateau 24 40:
    0123456789012345678901234567890123456789MAP
000 ........................................MAP
001 ........................................MAP
002 ........O...............................MAP
003 ...OOOOOO...............................MAP
004 ........................................MAP
005 ........................................MAP
006 ........................................MAP
007 ........................................MAP
008 ........................................MAP
009 ........................................MAP
010 ........................................MAP
011 ........................................MAP
012 ........................................MAP
013 ........................................MAP
014 ........................................MAP
015 ........................................MAP
016 ...............................XX.......MAP
017 ...............................XXX......MAP
018 ...............................XXX......MAP
019 ................................X.......MAP
020 ........................................MAP
021 ........................................MAP
022 ........................................MAP
023 ........................................MAP
Piece 4 2:TET_READ
..TET_READ
..TET_READ
.*TET_READ
**TET_READ
13, 30
Plateau 24 40:
    0123456789012345678901234567890123456789MAP
000 ........................................MAP
001 ........................................MAP
002 ........O...............................MAP
003 ...OOOOOO.O.............................MAP
004 ........OOO.............................MAP
005 ........................................MAP
006 ........................................MAP
007 ........................................MAP
008 ........................................MAP
009 ........................................MAP
010 ........................................MAP
011 ........................................MAP
012 ........................................MAP
013 ........................................MAP
014 ........................................MAP
015 ...............................X........MAP
016 ..............................XXX.......MAP
017 ...............................XXX......MAP
018 ...............................XXX......MAP
019 ................................X.......MAP
020 ........................................MAP
021 ........................................MAP
022 ........................................MAP
023 ........................................MAP
Piece 4 5:TET_READ
....*TET_READ
....*TET_READ
....*TET_READ
...**TET_READ
12, 27
Plateau 24 40:
    0123456789012345678901234567890123456789MAP
000 ........................................MAP
001 ........................................MAP
002 ........O...............................MAP
003 ...OOOOOO.OOO...........................MAP
004 ........OOOOO...........................MAP
005 ........................................MAP
006 ........................................MAP
007 ........................................MAP
008 ........................................MAP
009 ........................................MAP
010 ........................................MAP
011 ........................................MAP
012 ...............................X........MAP
013 ...............................X........MAP
014 ...............................X........MAP
015 ..............................XX........MAP
016 ..............................XXX.......MAP
017 ...............................XXX......MAP
018 ...............................XXX......MAP
019 ................................X.......MAP
020 ........................................MAP
021 ........................................MAP
022 ........................................MAP
023 ........................................MAP
Piece 3 4:TET_READ
.*..TET_READ
**..TET_READ
.**.TET_READ
10, 29
Plateau 24 40:
    0123456789012345678901234567890123456789MAP
000 ........................................MAP
001 ........................................MAP
002 ........O...............................MAP
003 ...OOOOOO.OOO...........................MAP
004 ........OOOOOO..........................MAP
005 ........................................MAP
006 ........................................MAP
007 ........................................MAP
008 ........................................MAP
009 ........................................MAP
010 ..............................X.........MAP
011 .............................XX.........MAP
012 ..............................XX........MAP
013 ...............................X........MAP
014 ...............................X........MAP
015 ..............................XX........MAP
016 ..............................XXX.......MAP
017 ...............................XXX......MAP
018 ...............................XXX......MAP
019 ................................X.......MAP
020 ........................................MAP
021 ........................................MAP
022 ........................................MAP
023 ........................................MAP
Piece 3 7:TET_READ
.*.....TET_READ
.*.*...TET_READ
.***...TET_READ
8, 27
Plateau 24 40:
    0123456789012345678901234567890123456789MAP
000 ........................................MAP
001 ........................................MAP
002 ........O...............................MAP
003 ...OOOOOO.OOOO..........................MAP
004 ........OOOOOO..........................MAP
005 ........................................MAP
006 ........................................MAP
007 ........................................MAP
008 ............................X...........MAP
009 ............................X.X.........MAP
010 ............................XXX.........MAP
011 .............................XX.........MAP
012 ..............................XX........MAP
013 ...............................X........MAP
014 ...............................X........MAP
015 ..............................XX........MAP
016 ..............................XXX.......MAP
017 ...............................XXX......MAP
018 ...............................XXX......MAP
019 ................................X.......MAP
020 ........................................MAP
021 ........................................MAP
022 ........................................MAP
023 ........................................MAP
Piece 2 6:TET_READ
**....TET_READ
......TET_READ
8, 27
Plateau 24 40:
    0123456789012345678901234567890123456789MAP
000 ........................................MAP
001 ........................................MAP
002 ........O...............................MAP
003 ...OOOOOO.OOOO..........................MAP
004 ........OOOOOO..........................MAP
005 .............O..........................MAP
006 ........................................MAP
007 ........................................MAP
008 ...........................XX...........MAP
009 ............................X.X.........MAP
010 ............................XXX.........MAP
011 .............................XX.........MAP
012 ..............................XX........MAP
013 ...............................X........MAP
014 ...............................X........MAP
015 ..............................XX........MAP
016 ..............................XXX.......MAP
017 ...............................XXX......MAP
018 ...............................XXX......MAP
019 ................................X.......MAP
020 ........................................MAP
021 ........................................MAP
022 ........................................MAP
023 ........................................MAP
Piece 3 6:TET_READ
.....*TET_READ
...***TET_READ
....*.TET_READ
6, 23
Plateau 24 40:
    0123456789012345678901234567890123456789MAP
000 ........................................MAP
001 ........................................MAP
002 ........O...............................MAP
003 ...OOOOOO.OOOOO.........................MAP
004 ........OOOOOO..........................MAP
005 .............O..........................MAP
006 ............................X...........MAP
007 ..........................XXX...........MAP
008 ...........................XX...........MAP
009 ............................X.X.........MAP
010 ............................XXX.........MAP
011 .............................XX.........MAP
012 ..............................XX........MAP
013 ...............................X........MAP
014 ...............................X........MAP
015 ..............................XX........MAP
016 ..............................XXX.......MAP
017 ...............................XXX......MAP
018 ...............................XXX......MAP
019 ................................X.......MAP
020 ........................................MAP
021 ........................................MAP
022 ........................................MAP
023 ........................................MAP
Piece 1 7:TET_READ
***....TET_READ
7, 24
Plateau 24 40:
    0123456789012345678901234567890123456789MAP
000 ........................................MAP
001 ........................................MAP
002 ........O...............................MAP
003 ...OOOOOO.OOOOO.........................MAP
004 ........OOOOOO..........................MAP
005 .............O..........................MAP
006 ............OO..............X...........MAP
007 .............O..........XXXXX...........MAP
008 .............O.............XX...........MAP
009 ............................X.X.........MAP
010 ............................XXX.........MAP
011 .............................XX.........MAP
012 ..............................XX........MAP
013 ...............................X........MAP
014 ...............................X........MAP
015 ..............................XX........MAP
016 ..............................XXX.......MAP
017 ...............................XXX......MAP
018 ...............................XXX......MAP
019 ................................X.......MAP
020 ........................................MAP
021 ........................................MAP
022 ........................................MAP
023 ........................................MAP
Piece 4 3:TET_READ
...TET_READ
...TET_READ
.*.TET_READ
.**TET_READ
4, 22
..
